Mono path[0] = 'C:/Users/adity/Desktop/TargetSeeker/Build/win/TargetSeeker_Data/Managed'
Mono config path = 'C:/Users/adity/Desktop/TargetSeeker/Build/win/MonoBleedingEdge/etc'
Initialize engine version: 2020.3.26f1 (7298b473bc1a)
[Subsystems] Discovering subsystems at path C:/Users/adity/Desktop/TargetSeeker/Build/win/TargetSeeker_Data/UnitySubsystems
Forcing GfxDevice: Null
GfxDevice: creating device client; threaded=0
NullGfxDevice:
    Version:  NULL 1.0 [1.0]
    Renderer: Null Device
    Vendor:   Unity Technologies
Begin MonoManager ReloadAssembly
- Completed reload, in  2.206 seconds
ERROR: Shader Sprites/Default shader is not supported on this GPU (none of subshaders/fallbacks are suitable)
Microsoft Media Foundation video decoding to texture disabled: graphics device is Null, only Direct3D 11 and Direct3D 12 (only on desktop) are supported for hardware-accelerated video decoding.
ERROR: Shader Sprites/Mask shader is not supported on this GPU (none of subshaders/fallbacks are suitable)
ERROR: Shader Legacy Shaders/VertexLit shader is not supported on this GPU (none of subshaders/fallbacks are suitable)
WARNING: Shader Unsupported: 'Standard' - All subshaders removed
WARNING: Shader Did you use #pragma only_renderers and omit this platform?
WARNING: Shader If subshaders removal was intentional, you may have forgotten turning Fallback off?
ERROR: Shader Standard shader is not supported on this GPU (none of subshaders/fallbacks are suitable)
WARNING: Shader Unsupported: 'Standard' - All subshaders removed
WARNING: Shader Did you use #pragma only_renderers and omit this platform?
WARNING: Shader If subshaders removal was intentional, you may have forgotten turning Fallback off?
WARNING: Shader Unsupported: 'Autodesk Interactive' - All subshaders removed
WARNING: Shader Did you use #pragma only_renderers and omit this platform?
WARNING: Shader If subshaders removal was intentional, you may have forgotten turning Fallback off?
ERROR: Shader Autodesk Interactive shader is not supported on this GPU (none of subshaders/fallbacks are suitable)
WARNING: Shader Unsupported: 'Autodesk Interactive' - All subshaders removed
WARNING: Shader Did you use #pragma only_renderers and omit this platform?
WARNING: Shader If subshaders removal was intentional, you may have forgotten turning Fallback off?
WARNING: Shader Unsupported: 'Legacy Shaders/Diffuse' - All subshaders removed
WARNING: Shader Did you use #pragma only_renderers and omit this platform?
WARNING: Shader If subshaders removal was intentional, you may have forgotten turning Fallback off?
ERROR: Shader Legacy Shaders/Diffuse shader is not supported on this GPU (none of subshaders/fallbacks are suitable)
WARNING: Shader Unsupported: 'Legacy Shaders/Diffuse' - All subshaders removed
WARNING: Shader Did you use #pragma only_renderers and omit this platform?
WARNING: Shader If subshaders removal was intentional, you may have forgotten turning Fallback off?
WARNING: Shader Unsupported: 'ML-Agents/GridPattern' - All subshaders removed
WARNING: Shader Did you use #pragma only_renderers and omit this platform?
WARNING: Shader If subshaders removal was intentional, you may have forgotten turning Fallback off?
ERROR: Shader ML-Agents/GridPattern shader is not supported on this GPU (none of subshaders/fallbacks are suitable)
WARNING: Shader Unsupported: 'ML-Agents/GridPattern' - All subshaders removed
WARNING: Shader Did you use #pragma only_renderers and omit this platform?
WARNING: Shader If subshaders removal was intentional, you may have forgotten turning Fallback off?
UnloadTime: 1.679600 ms
Fallback handler could not load library C:/Users/adity/Desktop/TargetSeeker/Build/win/TargetSeeker_Data/Mono/libcoreclr.so
Fallback handler could not load library C:/Users/adity/Desktop/TargetSeeker/Build/win/TargetSeeker_Data/Mono/libcoreclr.so.dll
Fallback handler could not load library C:/Users/adity/Desktop/TargetSeeker/Build/win/TargetSeeker_Data/Mono/libcoreclr.so
Fallback handler could not load library C:/Users/adity/Desktop/TargetSeeker/Build/win/TargetSeeker_Data/Mono/libdl.so
Fallback handler could not load library C:/Users/adity/Desktop/TargetSeeker/Build/win/TargetSeeker_Data/Mono/libdl.so.dll
Fallback handler could not load library C:/Users/adity/Desktop/TargetSeeker/Build/win/TargetSeeker_Data/Mono/libdl.so
Fallback handler could not load library C:/Users/adity/Desktop/TargetSeeker/Build/win/TargetSeeker_Data/Mono/libSystem.dylib
Fallback handler could not load library C:/Users/adity/Desktop/TargetSeeker/Build/win/TargetSeeker_Data/Mono/libSystem.dylib.dll
Fallback handler could not load library C:/Users/adity/Desktop/TargetSeeker/Build/win/TargetSeeker_Data/Mono/libSystem.dylib
Fallback handler could not load library C:/Users/adity/Desktop/TargetSeeker/Build/win/TargetSeeker_Data/Mono/libcoreclr.so
Fallback handler could not load library C:/Users/adity/Desktop/TargetSeeker/Build/win/TargetSeeker_Data/Mono/libcoreclr.so.dll
Fallback handler could not load library C:/Users/adity/Desktop/TargetSeeker/Build/win/TargetSeeker_Data/Mono/libcoreclr.so
Fallback handler could not load library C:/Users/adity/Desktop/TargetSeeker/Build/win/TargetSeeker_Data/Mono/libdl.so
Fallback handler could not load library C:/Users/adity/Desktop/TargetSeeker/Build/win/TargetSeeker_Data/Mono/libdl.so.dll
Fallback handler could not load library C:/Users/adity/Desktop/TargetSeeker/Build/win/TargetSeeker_Data/Mono/libdl.so
Fallback handler could not load library C:/Users/adity/Desktop/TargetSeeker/Build/win/TargetSeeker_Data/Mono/libSystem.dylib
Fallback handler could not load library C:/Users/adity/Desktop/TargetSeeker/Build/win/TargetSeeker_Data/Mono/libSystem.dylib.dll
Fallback handler could not load library C:/Users/adity/Desktop/TargetSeeker/Build/win/TargetSeeker_Data/Mono/libSystem.dylib
Setting up 6 worker threads for Enlighten.
  Thread -> id: 2f30 -> priority: 1 
  Thread -> id: 5300 -> priority: 1 
  Thread -> id: c90 -> priority: 1 
  Thread -> id: 2ab8 -> priority: 1 
  Thread -> id: 5a0 -> priority: 1 
  Thread -> id: 2458 -> priority: 1 
